<?xml version="1.0" encoding="UTF-8"?>
<testsuite xmlns:xsi="http://www.w3.org/2001/XMLSchema-instance" xsi:noNamespaceSchemaLocation="https://maven.apache.org/surefire/maven-surefire-plugin/xsd/surefire-test-report.xsd" name="ca.uhn.fhir.rest.server.CreateBinaryDstu2_1Test" time="0.725" tests="4" errors="0" skipped="0" failures="0">
  <properties>
    <property name="gopherProxySet" value="false"/>
    <property name="awt.toolkit" value="sun.lwawt.macosx.LWCToolkit"/>
    <property name="file.encoding.pkg" value="sun.io"/>
    <property name="java.specification.version" value="1.8"/>
    <property name="sun.cpu.isalist" value=""/>
    <property name="sun.jnu.encoding" value="UTF-8"/>
    <property name="java.class.path" value="/Users/kumarelubandi/WorkSpace/hapi-fhir/hapi-fhir-structures-dstu2.1/target/test-classes:/Users/kumarelubandi/WorkSpace/hapi-fhir/hapi-fhir-structures-dstu2.1/target/classes:/Users/kumarelubandi/WorkSpace/hapi-fhir/hapi-fhir-base/target/hapi-fhir-base-3.6.0-SNAPSHOT.jar:/Users/kumarelubandi/.m2/repository/com/google/code/gson/gson/2.8.5/gson-2.8.5.jar:/Users/kumarelubandi/.m2/repository/org/apache/commons/commons-lang3/3.8/commons-lang3-3.8.jar:/Users/kumarelubandi/.m2/repository/org/apache/commons/commons-text/1.4/commons-text-1.4.jar:/Users/kumarelubandi/.m2/repository/commons-io/commons-io/2.6/commons-io-2.6.jar:/Users/kumarelubandi/.m2/repository/org/slf4j/slf4j-api/1.7.25/slf4j-api-1.7.25.jar:/Users/kumarelubandi/.m2/repository/org/slf4j/jcl-over-slf4j/1.7.25/jcl-over-slf4j-1.7.25.jar:/Users/kumarelubandi/WorkSpace/hapi-fhir/hapi-fhir-utilities/target/hapi-fhir-utilities-3.6.0-SNAPSHOT.jar:/Users/kumarelubandi/.m2/repository/org/codehaus/woodstox/woodstox-core-asl/4.4.1/woodstox-core-asl-4.4.1.jar:/Users/kumarelubandi/.m2/repository/javax/xml/stream/stax-api/1.0-2/stax-api-1.0-2.jar:/Users/kumarelubandi/.m2/repository/org/codehaus/woodstox/stax2-api/3.1.4/stax2-api-3.1.4.jar:/Users/kumarelubandi/WorkSpace/hapi-fhir/hapi-fhir-validation-resources-dstu2.1/target/hapi-fhir-validation-resources-dstu2.1-3.6.0-SNAPSHOT.jar:/Users/kumarelubandi/WorkSpace/hapi-fhir/hapi-fhir-client/target/hapi-fhir-client-3.6.0-SNAPSHOT.jar:/Users/kumarelubandi/.m2/repository/org/apache/httpcomponents/httpclient/4.5.3/httpclient-4.5.3.jar:/Users/kumarelubandi/.m2/repository/org/apache/httpcomponents/httpcore/4.4.6/httpcore-4.4.6.jar:/Users/kumarelubandi/WorkSpace/hapi-fhir/hapi-fhir-server/target/hapi-fhir-server-3.6.0-SNAPSHOT.jar:/Users/kumarelubandi/.m2/repository/javax/servlet/servlet-api/2.5/servlet-api-2.5.jar:/Users/kumarelubandi/.m2/repository/commons-codec/commons-codec/1.11/commons-codec-1.11.jar:/Users/kumarelubandi/.m2/repository/xpp3/xpp3_min/1.1.4c/xpp3_min-1.1.4c.jar:/Users/kumarelubandi/.m2/repository/org/xmlunit/xmlunit-core/2.4.0/xmlunit-core-2.4.0.jar:/Users/kumarelubandi/.m2/repository/org/eclipse/jetty/jetty-servlets/9.4.12.v20180830/jetty-servlets-9.4.12.v20180830.jar:/Users/kumarelubandi/.m2/repository/org/eclipse/jetty/jetty-continuation/9.4.12.v20180830/jetty-continuation-9.4.12.v20180830.jar:/Users/kumarelubandi/.m2/repository/org/eclipse/jetty/jetty-io/9.4.12.v20180830/jetty-io-9.4.12.v20180830.jar:/Users/kumarelubandi/.m2/repository/org/eclipse/jetty/jetty-servlet/9.4.12.v20180830/jetty-servlet-9.4.12.v20180830.jar:/Users/kumarelubandi/.m2/repository/org/eclipse/jetty/jetty-security/9.4.12.v20180830/jetty-security-9.4.12.v20180830.jar:/Users/kumarelubandi/.m2/repository/org/eclipse/jetty/jetty-server/9.4.12.v20180830/jetty-server-9.4.12.v20180830.jar:/Users/kumarelubandi/.m2/repository/javax/servlet/javax.servlet-api/3.1.0/javax.servlet-api-3.1.0.jar:/Users/kumarelubandi/.m2/repository/org/eclipse/jetty/jetty-util/9.4.12.v20180830/jetty-util-9.4.12.v20180830.jar:/Users/kumarelubandi/.m2/repository/org/eclipse/jetty/jetty-webapp/9.4.12.v20180830/jetty-webapp-9.4.12.v20180830.jar:/Users/kumarelubandi/.m2/repository/org/eclipse/jetty/jetty-xml/9.4.12.v20180830/jetty-xml-9.4.12.v20180830.jar:/Users/kumarelubandi/.m2/repository/org/eclipse/jetty/jetty-http/9.4.12.v20180830/jetty-http-9.4.12.v20180830.jar:/Users/kumarelubandi/.m2/repository/ch/qos/logback/logback-classic/1.2.3/logback-classic-1.2.3.jar:/Users/kumarelubandi/.m2/repository/ch/qos/logback/logback-core/1.2.3/logback-core-1.2.3.jar:/Users/kumarelubandi/.m2/repository/org/thymeleaf/thymeleaf/3.0.9.RELEASE/thymeleaf-3.0.9.RELEASE.jar:/Users/kumarelubandi/.m2/repository/ognl/ognl/3.1.12/ognl-3.1.12.jar:/Users/kumarelubandi/.m2/repository/org/javassist/javassist/3.22.0-GA/javassist-3.22.0-GA.jar:/Users/kumarelubandi/.m2/repository/org/attoparser/attoparser/2.0.4.RELEASE/attoparser-2.0.4.RELEASE.jar:/Users/kumarelubandi/.m2/repository/org/unbescape/unbescape/1.1.5.RELEASE/unbescape-1.1.5.RELEASE.jar:/Users/kumarelubandi/.m2/repository/net/sf/json-lib/json-lib/2.4/json-lib-2.4-jdk15.jar:/Users/kumarelubandi/.m2/repository/commons-beanutils/commons-beanutils/1.8.0/commons-beanutils-1.8.0.jar:/Users/kumarelubandi/.m2/repository/commons-collections/commons-collections/3.2.1/commons-collections-3.2.1.jar:/Users/kumarelubandi/.m2/repository/net/sf/ezmorph/ezmorph/1.0.6/ezmorph-1.0.6.jar:/Users/kumarelubandi/.m2/repository/commons-lang/commons-lang/2.5/commons-lang-2.5.jar:/Users/kumarelubandi/.m2/repository/net/sf/json-lib/json-lib/2.4/json-lib-2.4-jdk15-sources.jar:/Users/kumarelubandi/.m2/repository/directory-naming/naming-java/0.8/naming-java-0.8.jar:/Users/kumarelubandi/.m2/repository/directory-naming/naming-core/0.8/naming-core-0.8.jar:/Users/kumarelubandi/.m2/repository/com/google/guava/guava/25.0-jre/guava-25.0-jre.jar:/Users/kumarelubandi/.m2/repository/com/google/code/findbugs/jsr305/1.3.9/jsr305-1.3.9.jar:/Users/kumarelubandi/.m2/repository/org/checkerframework/checker-compat-qual/2.0.0/checker-compat-qual-2.0.0.jar:/Users/kumarelubandi/.m2/repository/com/google/errorprone/error_prone_annotations/2.1.3/error_prone_annotations-2.1.3.jar:/Users/kumarelubandi/.m2/repository/com/google/j2objc/j2objc-annotations/1.1/j2objc-annotations-1.1.jar:/Users/kumarelubandi/.m2/repository/org/codehaus/mojo/animal-sniffer-annotations/1.14/animal-sniffer-annotations-1.14.jar:/Users/kumarelubandi/.m2/repository/org/springframework/spring-web/5.0.8.RELEASE/spring-web-5.0.8.RELEASE.jar:/Users/kumarelubandi/.m2/repository/org/springframework/spring-beans/5.0.8.RELEASE/spring-beans-5.0.8.RELEASE.jar:/Users/kumarelubandi/.m2/repository/org/springframework/spring-core/5.0.8.RELEASE/spring-core-5.0.8.RELEASE.jar:/Users/kumarelubandi/.m2/repository/org/springframework/spring-jcl/5.0.8.RELEASE/spring-jcl-5.0.8.RELEASE.jar:/Users/kumarelubandi/.m2/repository/com/helger/ph-schematron/5.0.4/ph-schematron-5.0.4.jar:/Users/kumarelubandi/.m2/repository/com/helger/ph-xml/9.1.1/ph-xml-9.1.1.jar:/Users/kumarelubandi/.m2/repository/com/helger/ph-collection/9.1.1/ph-collection-9.1.1.jar:/Users/kumarelubandi/.m2/repository/com/helger/ph-jaxb/9.1.1/ph-jaxb-9.1.1.jar:/Users/kumarelubandi/.m2/repository/org/glassfish/jaxb/jaxb-runtime/2.2.11/jaxb-runtime-2.2.11.jar:/Users/kumarelubandi/.m2/repository/org/jvnet/staxex/stax-ex/1.7.7/stax-ex-1.7.7.jar:/Users/kumarelubandi/.m2/repository/com/sun/xml/fastinfoset/FastInfoset/1.2.13/FastInfoset-1.2.13.jar:/Users/kumarelubandi/.m2/repository/org/glassfish/jaxb/jaxb-core/2.2.11/jaxb-core-2.2.11.jar:/Users/kumarelubandi/.m2/repository/org/glassfish/jaxb/txw2/2.2.11/txw2-2.2.11.jar:/Users/kumarelubandi/.m2/repository/com/sun/istack/istack-commons-runtime/2.21/istack-commons-runtime-2.21.jar:/Users/kumarelubandi/.m2/repository/net/sf/saxon/Saxon-HE/9.5.1-5/Saxon-HE-9.5.1-5.jar:/Users/kumarelubandi/.m2/repository/com/helger/ph-commons/9.1.1/ph-commons-9.1.1.jar:/Users/kumarelubandi/.m2/repository/javax/activation/javax.activation-api/1.2.0/javax.activation-api-1.2.0.jar:/Users/kumarelubandi/.m2/repository/javax/xml/bind/jaxb-api/2.3.0/jaxb-api-2.3.0.jar:/Users/kumarelubandi/.m2/repository/com/sun/xml/bind/jaxb-core/2.3.0/jaxb-core-2.3.0.jar:/Users/kumarelubandi/.m2/repository/com/sun/xml/bind/jaxb-impl/2.3.0/jaxb-impl-2.3.0.jar:/Users/kumarelubandi/.m2/repository/junit/junit/4.12/junit-4.12.jar:/Users/kumarelubandi/.m2/repository/org/hamcrest/java-hamcrest/2.0.0.0/java-hamcrest-2.0.0.0.jar:/Users/kumarelubandi/.m2/repository/org/mockito/mockito-core/2.18.3/mockito-core-2.18.3.jar:/Users/kumarelubandi/.m2/repository/net/bytebuddy/byte-buddy/1.8.5/byte-buddy-1.8.5.jar:/Users/kumarelubandi/.m2/repository/net/bytebuddy/byte-buddy-agent/1.8.5/byte-buddy-agent-1.8.5.jar:/Users/kumarelubandi/.m2/repository/org/objenesis/objenesis/2.6/objenesis-2.6.jar:"/>
    <property name="java.vm.vendor" value="Oracle Corporation"/>
    <property name="sun.arch.data.model" value="64"/>
    <property name="java.vendor.url" value="http://java.oracle.com/"/>
    <property name="user.timezone" value=""/>
    <property name="java.vm.specification.version" value="1.8"/>
    <property name="os.name" value="Mac OS X"/>
    <property name="user.country" value="IN"/>
    <property name="sun.java.launcher" value="SUN_STANDARD"/>
    <property name="sun.boot.library.path" value="/Library/Java/JavaVirtualMachines/jdk1.8.0_192.jdk/Contents/Home/jre/lib"/>
    <property name="sun.java.command" value="/Users/kumarelubandi/WorkSpace/hapi-fhir/hapi-fhir-structures-dstu2.1/target/surefire/surefirebooter9217573829900566659.jar /Users/kumarelubandi/WorkSpace/hapi-fhir/hapi-fhir-structures-dstu2.1/target/surefire 2018-12-03T16-39-30_742-jvmRun1 surefire1904634593430423493tmp surefire_168617710928143236553tmp"/>
    <property name="http.nonProxyHosts" value="local|*.local|169.254/16|*.169.254/16"/>
    <property name="surefire.test.class.path" value="/Users/kumarelubandi/WorkSpace/hapi-fhir/hapi-fhir-structures-dstu2.1/target/test-classes:/Users/kumarelubandi/WorkSpace/hapi-fhir/hapi-fhir-structures-dstu2.1/target/classes:/Users/kumarelubandi/WorkSpace/hapi-fhir/hapi-fhir-base/target/hapi-fhir-base-3.6.0-SNAPSHOT.jar:/Users/kumarelubandi/.m2/repository/com/google/code/gson/gson/2.8.5/gson-2.8.5.jar:/Users/kumarelubandi/.m2/repository/org/apache/commons/commons-lang3/3.8/commons-lang3-3.8.jar:/Users/kumarelubandi/.m2/repository/org/apache/commons/commons-text/1.4/commons-text-1.4.jar:/Users/kumarelubandi/.m2/repository/commons-io/commons-io/2.6/commons-io-2.6.jar:/Users/kumarelubandi/.m2/repository/org/slf4j/slf4j-api/1.7.25/slf4j-api-1.7.25.jar:/Users/kumarelubandi/.m2/repository/org/slf4j/jcl-over-slf4j/1.7.25/jcl-over-slf4j-1.7.25.jar:/Users/kumarelubandi/WorkSpace/hapi-fhir/hapi-fhir-utilities/target/hapi-fhir-utilities-3.6.0-SNAPSHOT.jar:/Users/kumarelubandi/.m2/repository/org/codehaus/woodstox/woodstox-core-asl/4.4.1/woodstox-core-asl-4.4.1.jar:/Users/kumarelubandi/.m2/repository/javax/xml/stream/stax-api/1.0-2/stax-api-1.0-2.jar:/Users/kumarelubandi/.m2/repository/org/codehaus/woodstox/stax2-api/3.1.4/stax2-api-3.1.4.jar:/Users/kumarelubandi/WorkSpace/hapi-fhir/hapi-fhir-validation-resources-dstu2.1/target/hapi-fhir-validation-resources-dstu2.1-3.6.0-SNAPSHOT.jar:/Users/kumarelubandi/WorkSpace/hapi-fhir/hapi-fhir-client/target/hapi-fhir-client-3.6.0-SNAPSHOT.jar:/Users/kumarelubandi/.m2/repository/org/apache/httpcomponents/httpclient/4.5.3/httpclient-4.5.3.jar:/Users/kumarelubandi/.m2/repository/org/apache/httpcomponents/httpcore/4.4.6/httpcore-4.4.6.jar:/Users/kumarelubandi/WorkSpace/hapi-fhir/hapi-fhir-server/target/hapi-fhir-server-3.6.0-SNAPSHOT.jar:/Users/kumarelubandi/.m2/repository/javax/servlet/servlet-api/2.5/servlet-api-2.5.jar:/Users/kumarelubandi/.m2/repository/commons-codec/commons-codec/1.11/commons-codec-1.11.jar:/Users/kumarelubandi/.m2/repository/xpp3/xpp3_min/1.1.4c/xpp3_min-1.1.4c.jar:/Users/kumarelubandi/.m2/repository/org/xmlunit/xmlunit-core/2.4.0/xmlunit-core-2.4.0.jar:/Users/kumarelubandi/.m2/repository/org/eclipse/jetty/jetty-servlets/9.4.12.v20180830/jetty-servlets-9.4.12.v20180830.jar:/Users/kumarelubandi/.m2/repository/org/eclipse/jetty/jetty-continuation/9.4.12.v20180830/jetty-continuation-9.4.12.v20180830.jar:/Users/kumarelubandi/.m2/repository/org/eclipse/jetty/jetty-io/9.4.12.v20180830/jetty-io-9.4.12.v20180830.jar:/Users/kumarelubandi/.m2/repository/org/eclipse/jetty/jetty-servlet/9.4.12.v20180830/jetty-servlet-9.4.12.v20180830.jar:/Users/kumarelubandi/.m2/repository/org/eclipse/jetty/jetty-security/9.4.12.v20180830/jetty-security-9.4.12.v20180830.jar:/Users/kumarelubandi/.m2/repository/org/eclipse/jetty/jetty-server/9.4.12.v20180830/jetty-server-9.4.12.v20180830.jar:/Users/kumarelubandi/.m2/repository/javax/servlet/javax.servlet-api/3.1.0/javax.servlet-api-3.1.0.jar:/Users/kumarelubandi/.m2/repository/org/eclipse/jetty/jetty-util/9.4.12.v20180830/jetty-util-9.4.12.v20180830.jar:/Users/kumarelubandi/.m2/repository/org/eclipse/jetty/jetty-webapp/9.4.12.v20180830/jetty-webapp-9.4.12.v20180830.jar:/Users/kumarelubandi/.m2/repository/org/eclipse/jetty/jetty-xml/9.4.12.v20180830/jetty-xml-9.4.12.v20180830.jar:/Users/kumarelubandi/.m2/repository/org/eclipse/jetty/jetty-http/9.4.12.v20180830/jetty-http-9.4.12.v20180830.jar:/Users/kumarelubandi/.m2/repository/ch/qos/logback/logback-classic/1.2.3/logback-classic-1.2.3.jar:/Users/kumarelubandi/.m2/repository/ch/qos/logback/logback-core/1.2.3/logback-core-1.2.3.jar:/Users/kumarelubandi/.m2/repository/org/thymeleaf/thymeleaf/3.0.9.RELEASE/thymeleaf-3.0.9.RELEASE.jar:/Users/kumarelubandi/.m2/repository/ognl/ognl/3.1.12/ognl-3.1.12.jar:/Users/kumarelubandi/.m2/repository/org/javassist/javassist/3.22.0-GA/javassist-3.22.0-GA.jar:/Users/kumarelubandi/.m2/repository/org/attoparser/attoparser/2.0.4.RELEASE/attoparser-2.0.4.RELEASE.jar:/Users/kumarelubandi/.m2/repository/org/unbescape/unbescape/1.1.5.RELEASE/unbescape-1.1.5.RELEASE.jar:/Users/kumarelubandi/.m2/repository/net/sf/json-lib/json-lib/2.4/json-lib-2.4-jdk15.jar:/Users/kumarelubandi/.m2/repository/commons-beanutils/commons-beanutils/1.8.0/commons-beanutils-1.8.0.jar:/Users/kumarelubandi/.m2/repository/commons-collections/commons-collections/3.2.1/commons-collections-3.2.1.jar:/Users/kumarelubandi/.m2/repository/net/sf/ezmorph/ezmorph/1.0.6/ezmorph-1.0.6.jar:/Users/kumarelubandi/.m2/repository/commons-lang/commons-lang/2.5/commons-lang-2.5.jar:/Users/kumarelubandi/.m2/repository/net/sf/json-lib/json-lib/2.4/json-lib-2.4-jdk15-sources.jar:/Users/kumarelubandi/.m2/repository/directory-naming/naming-java/0.8/naming-java-0.8.jar:/Users/kumarelubandi/.m2/repository/directory-naming/naming-core/0.8/naming-core-0.8.jar:/Users/kumarelubandi/.m2/repository/com/google/guava/guava/25.0-jre/guava-25.0-jre.jar:/Users/kumarelubandi/.m2/repository/com/google/code/findbugs/jsr305/1.3.9/jsr305-1.3.9.jar:/Users/kumarelubandi/.m2/repository/org/checkerframework/checker-compat-qual/2.0.0/checker-compat-qual-2.0.0.jar:/Users/kumarelubandi/.m2/repository/com/google/errorprone/error_prone_annotations/2.1.3/error_prone_annotations-2.1.3.jar:/Users/kumarelubandi/.m2/repository/com/google/j2objc/j2objc-annotations/1.1/j2objc-annotations-1.1.jar:/Users/kumarelubandi/.m2/repository/org/codehaus/mojo/animal-sniffer-annotations/1.14/animal-sniffer-annotations-1.14.jar:/Users/kumarelubandi/.m2/repository/org/springframework/spring-web/5.0.8.RELEASE/spring-web-5.0.8.RELEASE.jar:/Users/kumarelubandi/.m2/repository/org/springframework/spring-beans/5.0.8.RELEASE/spring-beans-5.0.8.RELEASE.jar:/Users/kumarelubandi/.m2/repository/org/springframework/spring-core/5.0.8.RELEASE/spring-core-5.0.8.RELEASE.jar:/Users/kumarelubandi/.m2/repository/org/springframework/spring-jcl/5.0.8.RELEASE/spring-jcl-5.0.8.RELEASE.jar:/Users/kumarelubandi/.m2/repository/com/helger/ph-schematron/5.0.4/ph-schematron-5.0.4.jar:/Users/kumarelubandi/.m2/repository/com/helger/ph-xml/9.1.1/ph-xml-9.1.1.jar:/Users/kumarelubandi/.m2/repository/com/helger/ph-collection/9.1.1/ph-collection-9.1.1.jar:/Users/kumarelubandi/.m2/repository/com/helger/ph-jaxb/9.1.1/ph-jaxb-9.1.1.jar:/Users/kumarelubandi/.m2/repository/org/glassfish/jaxb/jaxb-runtime/2.2.11/jaxb-runtime-2.2.11.jar:/Users/kumarelubandi/.m2/repository/org/jvnet/staxex/stax-ex/1.7.7/stax-ex-1.7.7.jar:/Users/kumarelubandi/.m2/repository/com/sun/xml/fastinfoset/FastInfoset/1.2.13/FastInfoset-1.2.13.jar:/Users/kumarelubandi/.m2/repository/org/glassfish/jaxb/jaxb-core/2.2.11/jaxb-core-2.2.11.jar:/Users/kumarelubandi/.m2/repository/org/glassfish/jaxb/txw2/2.2.11/txw2-2.2.11.jar:/Users/kumarelubandi/.m2/repository/com/sun/istack/istack-commons-runtime/2.21/istack-commons-runtime-2.21.jar:/Users/kumarelubandi/.m2/repository/net/sf/saxon/Saxon-HE/9.5.1-5/Saxon-HE-9.5.1-5.jar:/Users/kumarelubandi/.m2/repository/com/helger/ph-commons/9.1.1/ph-commons-9.1.1.jar:/Users/kumarelubandi/.m2/repository/javax/activation/javax.activation-api/1.2.0/javax.activation-api-1.2.0.jar:/Users/kumarelubandi/.m2/repository/javax/xml/bind/jaxb-api/2.3.0/jaxb-api-2.3.0.jar:/Users/kumarelubandi/.m2/repository/com/sun/xml/bind/jaxb-core/2.3.0/jaxb-core-2.3.0.jar:/Users/kumarelubandi/.m2/repository/com/sun/xml/bind/jaxb-impl/2.3.0/jaxb-impl-2.3.0.jar:/Users/kumarelubandi/.m2/repository/junit/junit/4.12/junit-4.12.jar:/Users/kumarelubandi/.m2/repository/org/hamcrest/java-hamcrest/2.0.0.0/java-hamcrest-2.0.0.0.jar:/Users/kumarelubandi/.m2/repository/org/mockito/mockito-core/2.18.3/mockito-core-2.18.3.jar:/Users/kumarelubandi/.m2/repository/net/bytebuddy/byte-buddy/1.8.5/byte-buddy-1.8.5.jar:/Users/kumarelubandi/.m2/repository/net/bytebuddy/byte-buddy-agent/1.8.5/byte-buddy-agent-1.8.5.jar:/Users/kumarelubandi/.m2/repository/org/objenesis/objenesis/2.6/objenesis-2.6.jar:"/>
    <property name="sun.cpu.endian" value="little"/>
    <property name="user.home" value="/Users/kumarelubandi"/>
    <property name="user.language" value="en"/>
    <property name="java.specification.vendor" value="Oracle Corporation"/>
    <property name="java.home" value="/Library/Java/JavaVirtualMachines/jdk1.8.0_192.jdk/Contents/Home/jre"/>
    <property name="basedir" value="/Users/kumarelubandi/WorkSpace/hapi-fhir/hapi-fhir-structures-dstu2.1"/>
    <property name="file.separator" value="/"/>
    <property name="line.separator" value="&#10;"/>
    <property name="java.vm.specification.vendor" value="Oracle Corporation"/>
    <property name="java.specification.name" value="Java Platform API Specification"/>
    <property name="java.awt.graphicsenv" value="sun.awt.CGraphicsEnvironment"/>
    <property name="surefire.real.class.path" value="/Users/kumarelubandi/WorkSpace/hapi-fhir/hapi-fhir-structures-dstu2.1/target/surefire/surefirebooter9217573829900566659.jar:/Users/kumarelubandi/.m2/repository/org/jacoco/org.jacoco.agent/0.8.2/org.jacoco.agent-0.8.2-runtime.jar"/>
    <property name="sun.boot.class.path" value="/Library/Java/JavaVirtualMachines/jdk1.8.0_192.jdk/Contents/Home/jre/lib/resources.jar:/Library/Java/JavaVirtualMachines/jdk1.8.0_192.jdk/Contents/Home/jre/lib/rt.jar:/Library/Java/JavaVirtualMachines/jdk1.8.0_192.jdk/Contents/Home/jre/lib/sunrsasign.jar:/Library/Java/JavaVirtualMachines/jdk1.8.0_192.jdk/Contents/Home/jre/lib/jsse.jar:/Library/Java/JavaVirtualMachines/jdk1.8.0_192.jdk/Contents/Home/jre/lib/jce.jar:/Library/Java/JavaVirtualMachines/jdk1.8.0_192.jdk/Contents/Home/jre/lib/charsets.jar:/Library/Java/JavaVirtualMachines/jdk1.8.0_192.jdk/Contents/Home/jre/lib/jfr.jar:/Library/Java/JavaVirtualMachines/jdk1.8.0_192.jdk/Contents/Home/jre/classes"/>
    <property name="sun.management.compiler" value="HotSpot 64-Bit Tiered Compilers"/>
    <property name="ftp.nonProxyHosts" value="local|*.local|169.254/16|*.169.254/16"/>
    <property name="java.runtime.version" value="1.8.0_192-b12"/>
    <property name="user.name" value="kumarelubandi"/>
    <property name="path.separator" value=":"/>
    <property name="os.version" value="10.13.6"/>
    <property name="java.endorsed.dirs" value="/Library/Java/JavaVirtualMachines/jdk1.8.0_192.jdk/Contents/Home/jre/lib/endorsed"/>
    <property name="java.runtime.name" value="Java(TM) SE Runtime Environment"/>
    <property name="file.encoding" value="UTF-8"/>
    <property name="java.vm.name" value="Java HotSpot(TM) 64-Bit Server VM"/>
    <property name="localRepository" value="/Users/kumarelubandi/.m2/repository"/>
    <property name="java.vendor.url.bug" value="http://bugreport.sun.com/bugreport/"/>
    <property name="java.io.tmpdir" value="/var/folders/rd/pc78b1v16dvg0z04fptdxr6r0000gn/T/"/>
    <property name="java.version" value="1.8.0_192"/>
    <property name="user.dir" value="/Users/kumarelubandi/WorkSpace/hapi-fhir/hapi-fhir-structures-dstu2.1"/>
    <property name="os.arch" value="x86_64"/>
    <property name="java.vm.specification.name" value="Java Virtual Machine Specification"/>
    <property name="java.awt.printerjob" value="sun.lwawt.macosx.CPrinterJob"/>
    <property name="sun.os.patch.level" value="unknown"/>
    <property name="java.library.path" value="/Users/kumarelubandi/Library/Java/Extensions:/Library/Java/Extensions:/Network/Library/Java/Extensions:/System/Library/Java/Extensions:/usr/lib/java:."/>
    <property name="java.vm.info" value="mixed mode"/>
    <property name="java.vendor" value="Oracle Corporation"/>
    <property name="java.vm.version" value="25.192-b12"/>
    <property name="java.ext.dirs" value="/Users/kumarelubandi/Library/Java/Extensions:/Library/Java/JavaVirtualMachines/jdk1.8.0_192.jdk/Contents/Home/jre/lib/ext:/Library/Java/Extensions:/Network/Library/Java/Extensions:/System/Library/Java/Extensions:/usr/lib/java"/>
    <property name="sun.io.unicode.encoding" value="UnicodeBig"/>
    <property name="java.class.version" value="52.0"/>
    <property name="socksNonProxyHosts" value="local|*.local|169.254/16|*.169.254/16"/>
  </properties>
  <testcase name="testRawBytesFhirContentTypeContainingFhir" classname="ca.uhn.fhir.rest.server.CreateBinaryDstu2_1Test" time="0.099"/>
  <testcase name="testRawBytesFhirContentType" classname="ca.uhn.fhir.rest.server.CreateBinaryDstu2_1Test" time="0.005"/>
  <testcase name="testRawBytesNoContentType" classname="ca.uhn.fhir.rest.server.CreateBinaryDstu2_1Test" time="0.004"/>
  <testcase name="testRawBytesBinaryContentType" classname="ca.uhn.fhir.rest.server.CreateBinaryDstu2_1Test" time="0.003"/>
</testsuite>